<?xml version="1.0" encoding="UTF-8"?>
<!-- Generated by org.testng.reporters.JUnitXMLReporter -->
<testsuite ignored="5" hostname="abdulraheemPC" failures="0" tests="1" name="Default test" time="13.041" errors="0" timestamp="2025-07-28T21:16:50 EET">
  <testcase classname="MobileTesting.MyTestCases" name="pressOnEvenNumbersOnly" time="4.008"/>
  <testcase classname="MobileTesting.MyTestCases" name="pressOnAllNumbers" time="0.0">
    <ignored/>
  </testcase> <!-- pressOnAllNumbers -->
  <testcase classname="MobileTesting.MyTestCases" name="pressonEvenNumbers" time="0.0">
    <ignored/>
  </testcase> <!-- pressonEvenNumbers -->
  <testcase classname="MobileTesting.MyTestCases" name="myFirsttest" time="0.0">
    <ignored/>
  </testcase> <!-- myFirsttest -->
  <testcase classname="MobileTesting.MyTestCases" name="pressonEvenNumbers2" time="0.0">
    <ignored/>
  </testcase> <!-- pressonEvenNumbers2 -->
  <testcase classname="MobileTesting.MyTestCases" name="pressOnAllButtons" time="0.0">
    <ignored/>
  </testcase> <!-- pressOnAllButtons -->
</testsuite> <!-- Default test -->
